Using pre-set license
Built from '2021.3/staging' branch; Version is '2021.3.6f1 (7da38d85baf6) revision 8233869'; Using compiler version '192829333'; Build Type 'Release'
OS: 'Windows 10  (10.0.19043) 64bit ProfessionalWorkstation' Language: 'en' Physical Memory: 7592 MB
BatchMode: 1, IsHumanControllingUs: 0, StartBugReporterOnCrash: 0, Is64bit: 1, IsPro: 1

COMMAND LINE ARGUMENTS:
C:\Program Files\Unity\Hub\Editor\2021.3.6f1\Editor\Unity.exe
-adb2
-batchMode
-noUpm
-name
AssetImportWorker8
-projectPath
C:/Unity Project/Learn/Unity Essensials Audio/Unity Essentials Audio
-logFile
Logs/AssetImportWorker8.log
-srvPort
65243
Successfully changed project path to: C:/Unity Project/Learn/Unity Essensials Audio/Unity Essentials Audio
C:/Unity Project/Learn/Unity Essensials Audio/Unity Essentials Audio
[UnityMemory] Configuration Parameters - Can be set up in boot.config
    "memorysetup-bucket-allocator-granularity=16"
    "memorysetup-bucket-allocator-bucket-count=8"
    "memorysetup-bucket-allocator-block-size=33554432"
    "memorysetup-bucket-allocator-block-count=8"
    "memorysetup-main-allocator-block-size=16777216"
    "memorysetup-thread-allocator-block-size=16777216"
    "memorysetup-gfx-main-allocator-block-size=16777216"
    "memorysetup-gfx-thread-allocator-block-size=16777216"
    "memorysetup-cache-allocator-block-size=4194304"
    "memorysetup-typetree-allocator-block-size=2097152"
    "memorysetup-profiler-bucket-allocator-granularity=16"
    "memorysetup-profiler-bucket-allocator-bucket-count=8"
    "memorysetup-profiler-bucket-allocator-block-size=33554432"
    "memorysetup-profiler-bucket-allocator-block-count=8"
    "memorysetup-profiler-allocator-block-size=16777216"
    "memorysetup-profiler-editor-allocator-block-size=1048576"
    "memorysetup-temp-allocator-size-main=16777216"
    "memorysetup-job-temp-allocator-block-size=2097152"
    "memorysetup-job-temp-allocator-block-size-background=1048576"
    "memorysetup-job-temp-allocator-reduction-small-platforms=262144"
    "memorysetup-temp-allocator-size-background-worker=32768"
    "memorysetup-temp-allocator-size-job-worker=262144"
    "memorysetup-temp-allocator-size-preload-manager=33554432"
    "memorysetup-temp-allocator-size-nav-mesh-worker=65536"
    "memorysetup-temp-allocator-size-audio-worker=65536"
    "memorysetup-temp-allocator-size-cloud-worker=32768"
    "memorysetup-temp-allocator-size-gi-baking-worker=262144"
    "memorysetup-temp-allocator-size-gfx=262144"
Refreshing native plugins compatible for Editor in 102.40 ms, found 3 plugins.
Preloading 0 native plugins for Editor in 0.00 ms.
Initialize engine version: 2021.3.6f1 (7da38d85baf6)
[Subsystems] Discovering subsystems at path C:/Program Files/Unity/Hub/Editor/2021.3.6f1/Editor/Data/Resources/UnitySubsystems
[Subsystems] Discovering subsystems at path C:/Unity Project/Learn/Unity Essensials Audio/Unity Essentials Audio/Assets
GfxDevice: creating device client; threaded=0; jobified=0
Direct3D:
    Version:  Direct3D 11.0 [level 11.1]
    Renderer: Intel(R) UHD Graphics 630 (ID=0x9bc8)
    Vendor:   Intel
    VRAM:     3796 MB
    Driver:   30.0.101.1273
Initialize mono
Mono path[0] = 'C:/Program Files/Unity/Hub/Editor/2021.3.6f1/Editor/Data/Managed'
Mono path[1] = 'C:/Program Files/Unity/Hub/Editor/2021.3.6f1/Editor/Data/MonoBleedingEdge/lib/mono/unityjit-win32'
Mono config path = 'C:/Program Files/Unity/Hub/Editor/2021.3.6f1/Editor/Data/MonoBleedingEdge/etc'
Using monoOptions --debugger-agent=transport=dt_socket,embedding=1,server=y,suspend=n,address=127.0.0.1:56608
Begin MonoManager ReloadAssembly
Registering precompiled unity dll's ...
Register platform support module: C:/Program Files/Unity/Hub/Editor/2021.3.6f1/Editor/Data/PlaybackEngines/WebGLSupport/UnityEditor.WebGL.Extensions.dll
Register platform support module: C:/Program Files/Unity/Hub/Editor/2021.3.6f1/Editor/Data/PlaybackEngines/AndroidPlayer/UnityEditor.Android.Extensions.dll
Register platform support module: C:/Program Files/Unity/Hub/Editor/2021.3.6f1/Editor/Data/PlaybackEngines/WindowsStandaloneSupport/UnityEditor.WindowsStandalone.Extensions.dll
Registered in 0.007603 seconds.
Native extension for WindowsStandalone target not found
Native extension for Android target not found
Native extension for WebGL target not found
Refreshing native plugins compatible for Editor in 109.50 ms, found 3 plugins.
Preloading 0 native plugins for Editor in 0.00 ms.
Mono: successfully reloaded assembly
- Completed reload, in  0.626 seconds
Domain Reload Profiling:
	ReloadAssembly (626ms)
		BeginReloadAssembly (62ms)
			ExecutionOrderSort (0ms)
			DisableScriptedObjects (0ms)
			BackupInstance (0ms)
			ReleaseScriptingObjects (0ms)
			CreateAndSetChildDomain (1ms)
		EndReloadAssembly (463ms)
			LoadAssemblies (60ms)
			RebuildTransferFunctionScriptingTraits (0ms)
			SetupTypeCache (98ms)
			ReleaseScriptCaches (0ms)
			RebuildScriptCaches (25ms)
			SetupLoadedEditorAssemblies (292ms)
				LogAssemblyErrors (0ms)
				InitializePlatformSupportModulesInManaged (58ms)
				SetLoadedEditorAssemblies (0ms)
				RefreshPlugins (110ms)
				BeforeProcessingInitializeOnLoad (1ms)
				ProcessInitializeOnLoadAttributes (86ms)
				ProcessInitializeOnLoadMethodAttributes (37ms)
				AfterProcessingInitializeOnLoad (0ms)
				EditorAssembliesLoaded (0ms)
			ExecutionOrderSort2 (0ms)
			AwakeInstancesAfterBackupRestoration (0ms)
Platform modules already initialized, skipping
Registering precompiled user dll's ...
Registered in 0.006397 seconds.
Unauthorized device detected, Id: R9RT301ZV8F, please add debug authorization and reconnect.
UnityEngine.StackTraceUtility:ExtractStackTrace ()
UnityEngine.DebugLogHandler:LogFormat (UnityEngine.LogType,UnityEngine.Object,string,object[])
UnityEngine.Logger:LogFormat (UnityEngine.LogType,string,object[])
UnityEngine.Debug:LogFormat (string,object[])
UnityEditor.Android.AndroidDeploymentTargetsExtension:GetKnownTargets (UnityEditor.DeploymentTargets.IDeploymentTargetsMainThreadContext,UnityEditor.ProgressHandler)
UnityEditor.Android.TargetScanWorker:DoScan (UnityEditor.DeploymentTargets.IDeploymentTargetsExtension,UnityEditor.DeploymentTargets.IDeploymentTargetsMainThreadContext,System.Threading.CancellationToken)
UnityEditor.Android.TargetScanWorker/<>c__DisplayClass8_0:<Scan>b__0 ()
System.Threading.Tasks.Task:InnerInvoke ()
System.Threading.Tasks.Task:Execute ()
System.Threading.Tasks.Task:ExecutionContextCallback (object)
System.Threading.ExecutionContext:RunInternal (System.Threading.ExecutionContext,System.Threading.ContextCallback,object,bool)
System.Threading.ExecutionContext:Run (System.Threading.ExecutionContext,System.Threading.ContextCallback,object,bool)
System.Threading.Tasks.Task:ExecuteWithThreadLocal (System.Threading.Tasks.Task&)
System.Threading.Tasks.Task:ExecuteEntry (bool)
System.Threading.Tasks.Task:System.Threading.IThreadPoolWorkItem.ExecuteWorkItem ()
System.Threading.ThreadPoolWorkQueue:Dispatch ()
System.Threading._ThreadPoolWaitCallback:PerformWaitCallback ()

Begin MonoManager ReloadAssembly
Symbol file LoadedFromMemory doesn't match image C:\Unity Project\Learn\Unity Essensials Audio\Unity Essentials Audio\Library\PackageCache\com.unity.visualscripting@1.7.8\Editor\VisualScripting.Core\Dependencies\YamlDotNet\Unity.VisualScripting.YamlDotNet.dll
Symbol file LoadedFromMemory doesn't match image C:\Unity Project\Learn\Unity Essensials Audio\Unity Essentials Audio\Library\PackageCache\com.unity.visualscripting@1.7.8\Editor\VisualScripting.Core\Dependencies\DotNetZip\Unity.VisualScripting.IonicZip.dll
Native extension for WindowsStandalone target not found
Native extension for Android target not found
Native extension for WebGL target not found
Refreshing native plugins compatible for Editor in 115.74 ms, found 3 plugins.
Preloading 0 native plugins for Editor in 0.00 ms.
Mono: successfully reloaded assembly
- Completed reload, in  1.381 seconds
Domain Reload Profiling:
	ReloadAssembly (1382ms)
		BeginReloadAssembly (216ms)
			ExecutionOrderSort (0ms)
			DisableScriptedObjects (6ms)
			BackupInstance (0ms)
			ReleaseScriptingObjects (0ms)
			CreateAndSetChildDomain (130ms)
		EndReloadAssembly (1060ms)
			LoadAssemblies (80ms)
			RebuildTransferFunctionScriptingTraits (0ms)
			SetupTypeCache (260ms)
			ReleaseScriptCaches (1ms)
			RebuildScriptCaches (61ms)
			SetupLoadedEditorAssemblies (614ms)
				LogAssemblyErrors (0ms)
				InitializePlatformSupportModulesInManaged (21ms)
				SetLoadedEditorAssemblies (0ms)
				RefreshPlugins (116ms)
				BeforeProcessingInitializeOnLoad (108ms)
				ProcessInitializeOnLoadAttributes (261ms)
				ProcessInitializeOnLoadMethodAttributes (99ms)
				AfterProcessingInitializeOnLoad (8ms)
				EditorAssembliesLoaded (1ms)
			ExecutionOrderSort2 (0ms)
			AwakeInstancesAfterBackupRestoration (5ms)
Platform modules already initialized, skipping
========================================================================
Worker process is ready to serve import requests
Launched and connected shader compiler UnityShaderCompiler.exe after 0.03 seconds
Refreshing native plugins compatible for Editor in 1.24 ms, found 3 plugins.
Preloading 0 native plugins for Editor in 0.00 ms.
Unloading 5022 Unused Serialized files (Serialized files now loaded: 0)
Unloading 34 unused Assets / (0.7 MB). Loaded Objects now: 5476.
Memory consumption went from 195.8 MB to 195.1 MB.
Total: 3.826800 ms (FindLiveObjects: 0.390700 ms CreateObjectMapping: 0.307200 ms MarkObjects: 2.858500 ms  DeleteObjects: 0.269600 ms)

AssetImportParameters requested are different than current active one (requested -> active):
  custom:video-decoder-ogg-theora: a1e56fd34408186e4bbccfd4996cb3dc -> 
  custom:container-muxer-webm: aa71ff27fc2769a1b78a27578f13a17b -> 
  custom:container-demuxer-webm: 4f35f7cbe854078d1ac9338744f61a02 -> 
  custom:video-encoder-webm-vp8: eb34c28f22e8b96e1ab97ce403110664 -> 
  custom:audio-encoder-webm-vorbis: bf7c407c2cedff20999df2af8eb42d56 -> 
  custom:framework-win-MediaFoundation: 216162199b28c13a410421893ffa2e32 -> 
  custom:SearchIndexIgnoredProperties: e643bd26f0fe6173181afceb89e7c659 -> 
  custom:container-demuxer-ogg: 62fdf1f143b41e24485cea50d1cbac27 -> 
  custom:video-decoder-webm-vp8: 9c59270c3fd7afecdb556c50c9e8de78 -> 
  custom:audio-decoder-ogg-vorbis: bf7c407c2cedff20999df2af8eb42d56 -> 
========================================================================
Received Prepare
Registering precompiled user dll's ...
Registered in 0.005960 seconds.
Begin MonoManager ReloadAssembly
Symbol file LoadedFromMemory doesn't match image C:\Unity Project\Learn\Unity Essensials Audio\Unity Essentials Audio\Library\PackageCache\com.unity.visualscripting@1.7.8\Editor\VisualScripting.Core\Dependencies\YamlDotNet\Unity.VisualScripting.YamlDotNet.dll
Symbol file LoadedFromMemory doesn't match image C:\Unity Project\Learn\Unity Essensials Audio\Unity Essentials Audio\Library\PackageCache\com.unity.visualscripting@1.7.8\Editor\VisualScripting.Core\Dependencies\DotNetZip\Unity.VisualScripting.IonicZip.dll
Native extension for WindowsStandalone target not found
Native extension for Android target not found
Native extension for WebGL target not found
Refreshing native plugins compatible for Editor in 1.37 ms, found 3 plugins.
Preloading 0 native plugins for Editor in 0.00 ms.
Mono: successfully reloaded assembly
- Completed reload, in  1.272 seconds
Domain Reload Profiling:
	ReloadAssembly (1273ms)
		BeginReloadAssembly (134ms)
			ExecutionOrderSort (0ms)
			DisableScriptedObjects (5ms)
			BackupInstance (0ms)
			ReleaseScriptingObjects (0ms)
			CreateAndSetChildDomain (36ms)
		EndReloadAssembly (1047ms)
			LoadAssemblies (98ms)
			RebuildTransferFunctionScriptingTraits (0ms)
			SetupTypeCache (280ms)
			ReleaseScriptCaches (4ms)
			RebuildScriptCaches (59ms)
			SetupLoadedEditorAssemblies (540ms)
				LogAssemblyErrors (0ms)
				InitializePlatformSupportModulesInManaged (27ms)
				SetLoadedEditorAssemblies (1ms)
				RefreshPlugins (1ms)
				BeforeProcessingInitializeOnLoad (99ms)
				ProcessInitializeOnLoadAttributes (290ms)
				ProcessInitializeOnLoadMethodAttributes (114ms)
				AfterProcessingInitializeOnLoad (9ms)
				EditorAssembliesLoaded (0ms)
			ExecutionOrderSort2 (0ms)
			AwakeInstancesAfterBackupRestoration (10ms)
Platform modules already initialized, skipping
Refreshing native plugins compatible for Editor in 3.90 ms, found 3 plugins.
Preloading 0 native plugins for Editor in 0.00 ms.
Unloading 4899 Unused Serialized files (Serialized files now loaded: 0)
Unloading 27 unused Assets / (0.7 MB). Loaded Objects now: 5479.
Memory consumption went from 187.7 MB to 187.1 MB.
Total: 5.687600 ms (FindLiveObjects: 1.069100 ms CreateObjectMapping: 0.848400 ms MarkObjects: 3.493400 ms  DeleteObjects: 0.275700 ms)

AssetImportParameters requested are different than current active one (requested -> active):
  custom:video-decoder-ogg-theora: a1e56fd34408186e4bbccfd4996cb3dc -> 
  custom:container-muxer-webm: aa71ff27fc2769a1b78a27578f13a17b -> 
  custom:container-demuxer-webm: 4f35f7cbe854078d1ac9338744f61a02 -> 
  custom:video-encoder-webm-vp8: eb34c28f22e8b96e1ab97ce403110664 -> 
  custom:audio-encoder-webm-vorbis: bf7c407c2cedff20999df2af8eb42d56 -> 
  custom:framework-win-MediaFoundation: 216162199b28c13a410421893ffa2e32 -> 
  custom:SearchIndexIgnoredProperties: e643bd26f0fe6173181afceb89e7c659 -> 
  custom:container-demuxer-ogg: 62fdf1f143b41e24485cea50d1cbac27 -> 
  custom:video-decoder-webm-vp8: 9c59270c3fd7afecdb556c50c9e8de78 -> 
  custom:audio-decoder-ogg-vorbis: bf7c407c2cedff20999df2af8eb42d56 -> 
========================================================================
Received Import Request.
  Time since last request: 5386.952831 seconds.
  path: Assets/Vendors/Voices - Essentials/Voice_Male/Voice_Male_Effort/Voice_Male_V1_Effort_Mono_01.wav
  artifactKey: Guid(7b80ac83702e65c44a790a1e7669fbed) Importer(815301076,1909f56bfc062723c751e8b465ee728b)
Start importing Assets/Vendors/Voices - Essentials/Voice_Male/Voice_Male_Effort/Voice_Male_V1_Effort_Mono_01.wav using Guid(7b80ac83702e65c44a790a1e7669fbed) Importer(815301076,1909f56bfc062723c751e8b465ee728b)  -> (artifact id: 'bba193bc5c14dfa87413e678ccdbe7b0') in 0.104817 seconds 
========================================================================
Received Import Request.
  Time since last request: 0.000023 seconds.
  path: Assets/Vendors/Voices - Essentials/Voice_Male/Voice_Male_Effort/Voice_Male_V2_Effort_Mono_02.wav
  artifactKey: Guid(6c82f3d0e7bfef643a575ca2dc2b1370) Importer(815301076,1909f56bfc062723c751e8b465ee728b)
Start importing Assets/Vendors/Voices - Essentials/Voice_Male/Voice_Male_Effort/Voice_Male_V2_Effort_Mono_02.wav using Guid(6c82f3d0e7bfef643a575ca2dc2b1370) Importer(815301076,1909f56bfc062723c751e8b465ee728b)  -> (artifact id: 'e609dd347ac1d66e74279b07b945f2ab') in 0.020719 seconds 
========================================================================
Received Import Request.
  Time since last request: 0.000031 seconds.
  path: Assets/Vendors/Voices - Essentials/Voice_Male/Voice_Male_Effort/Voice_Male_V2_Effort_Mono_03.wav
  artifactKey: Guid(cf525843323cb8c4a80192b959a7682c) Importer(815301076,1909f56bfc062723c751e8b465ee728b)
Start importing Assets/Vendors/Voices - Essentials/Voice_Male/Voice_Male_Effort/Voice_Male_V2_Effort_Mono_03.wav using Guid(cf525843323cb8c4a80192b959a7682c) Importer(815301076,1909f56bfc062723c751e8b465ee728b)  -> (artifact id: 'b4fd75a0f511bb8a3d229c9b53df34a0') in 0.019267 seconds 
========================================================================
Received Import Request.
  Time since last request: 0.000036 seconds.
  path: Assets/Vendors/Voices - Essentials/Voice_Male/Voice_Male_Effort/Voice_Male_V2_Effort_Mono_12.wav
  artifactKey: Guid(26a298b69d982cb4b84615a538a89ed8) Importer(815301076,1909f56bfc062723c751e8b465ee728b)
Start importing Assets/Vendors/Voices - Essentials/Voice_Male/Voice_Male_Effort/Voice_Male_V2_Effort_Mono_12.wav using Guid(26a298b69d982cb4b84615a538a89ed8) Importer(815301076,1909f56bfc062723c751e8b465ee728b)  -> (artifact id: '9a43a79e55636b23ba381ec1449d7cfd') in 0.022570 seconds 
========================================================================
Received Import Request.
  Time since last request: 0.000028 seconds.
  path: Assets/Vendors/Voices - Essentials/Voice_Male/Voice_Male_Effort/Voice_Male_V1_Effort_Mono_15.wav
  artifactKey: Guid(f8b8219e8e790e14aadead6075e7deeb) Importer(815301076,1909f56bfc062723c751e8b465ee728b)
Start importing Assets/Vendors/Voices - Essentials/Voice_Male/Voice_Male_Effort/Voice_Male_V1_Effort_Mono_15.wav using Guid(f8b8219e8e790e14aadead6075e7deeb) Importer(815301076,1909f56bfc062723c751e8b465ee728b)  -> (artifact id: '051f3c54cb0e859c39640299a1c762e0') in 0.024301 seconds 
========================================================================
Received Import Request.
  Time since last request: 0.000032 seconds.
  path: Assets/Vendors/Voices - Essentials/Voice_Male/Voice_Male_Effort/Voice_Male_V1_Effort_Mono_04.wav
  artifactKey: Guid(83e77c3445c9cdf4db318893ea02e25c) Importer(815301076,1909f56bfc062723c751e8b465ee728b)
Start importing Assets/Vendors/Voices - Essentials/Voice_Male/Voice_Male_Effort/Voice_Male_V1_Effort_Mono_04.wav using Guid(83e77c3445c9cdf4db318893ea02e25c) Importer(815301076,1909f56bfc062723c751e8b465ee728b)  -> (artifact id: '30a6f181bb8d721c350ea7e45efd5102') in 0.016757 seconds 
========================================================================
Received Import Request.
  Time since last request: 0.000054 seconds.
  path: Assets/Vendors/Voices - Essentials/Voice_Male/Voice_Male_Effort/Voice_Male_V2_Effort_Mono_01.wav
  artifactKey: Guid(d42ba85d3cfe45f4ab1365baa20c045a) Importer(815301076,1909f56bfc062723c751e8b465ee728b)
Start importing Assets/Vendors/Voices - Essentials/Voice_Male/Voice_Male_Effort/Voice_Male_V2_Effort_Mono_01.wav using Guid(d42ba85d3cfe45f4ab1365baa20c045a) Importer(815301076,1909f56bfc062723c751e8b465ee728b)  -> (artifact id: 'cfb364aabc00003c77b3fb8a038827eb') in 0.026330 seconds 
========================================================================
Received Import Request.
  Time since last request: 0.000033 seconds.
  path: Assets/Vendors/Voices - Essentials/Voice_Male/Voice_Male_Effort/Voice_Male_V2_Effort_Mono_10.wav
  artifactKey: Guid(69bc95db46114d3418780e22b9f446e1) Importer(815301076,1909f56bfc062723c751e8b465ee728b)
Start importing Assets/Vendors/Voices - Essentials/Voice_Male/Voice_Male_Effort/Voice_Male_V2_Effort_Mono_10.wav using Guid(69bc95db46114d3418780e22b9f446e1) Importer(815301076,1909f56bfc062723c751e8b465ee728b)  -> (artifact id: '111374112d950926865e4a572efa33d3') in 0.020037 seconds 
========================================================================
Received Import Request.
  Time since last request: 0.000023 seconds.
  path: Assets/Vendors/Voices - Essentials/Voice_Male/Voice_Male_Effort/Voice_Male_V2_Effort_Mono_07.wav
  artifactKey: Guid(4fd6f5f8b8ca7834fbfef7a5ac5a1977) Importer(815301076,1909f56bfc062723c751e8b465ee728b)
Start importing Assets/Vendors/Voices - Essentials/Voice_Male/Voice_Male_Effort/Voice_Male_V2_Effort_Mono_07.wav using Guid(4fd6f5f8b8ca7834fbfef7a5ac5a1977) Importer(815301076,1909f56bfc062723c751e8b465ee728b)  -> (artifact id: 'a8e092852df2144fa4c4bdc72303d890') in 0.017738 seconds 
========================================================================
Received Import Request.
  Time since last request: 44.353364 seconds.
  path: Assets/Vendors/Voices - Essentials/Voice_Male/Voice_Male_Jump&Land/Voice_Male_V1_Land_Mono_09.wav
  artifactKey: Guid(2dbc6219b3c1c4346b1f40dfd61da974) Importer(815301076,1909f56bfc062723c751e8b465ee728b)
Start importing Assets/Vendors/Voices - Essentials/Voice_Male/Voice_Male_Jump&Land/Voice_Male_V1_Land_Mono_09.wav using Guid(2dbc6219b3c1c4346b1f40dfd61da974) Importer(815301076,1909f56bfc062723c751e8b465ee728b)  -> (artifact id: '4ce3ad5b9fd0012b4d3f31c2627167b6') in 0.027450 seconds 
========================================================================
Received Import Request.
  Time since last request: 0.000032 seconds.
  path: Assets/Vendors/Voices - Essentials/Voice_Male/Voice_Male_Jump&Land/Voice_Male_V1_Land_Mono_12.wav
  artifactKey: Guid(f7924be607c79ef47b70f0b874c20a85) Importer(815301076,1909f56bfc062723c751e8b465ee728b)
Start importing Assets/Vendors/Voices - Essentials/Voice_Male/Voice_Male_Jump&Land/Voice_Male_V1_Land_Mono_12.wav using Guid(f7924be607c79ef47b70f0b874c20a85) Importer(815301076,1909f56bfc062723c751e8b465ee728b)  -> (artifact id: '917e7722ed0015bacb121a31f84d807f') in 0.014523 seconds 
========================================================================
Received Import Request.
  Time since last request: 1.025359 seconds.
  path: Assets/Vendors/Voices - Essentials/Voice_Male/Voice_Male_Jump&Land/Voice_Male_V1_Land_Mono_06.wav
  artifactKey: Guid(fa81634d0cd91904e9f923e93ca14e4d) Importer(815301076,1909f56bfc062723c751e8b465ee728b)
Start importing Assets/Vendors/Voices - Essentials/Voice_Male/Voice_Male_Jump&Land/Voice_Male_V1_Land_Mono_06.wav using Guid(fa81634d0cd91904e9f923e93ca14e4d) Importer(815301076,1909f56bfc062723c751e8b465ee728b)  -> (artifact id: '966e548c5d9bc6e0e253563b0343bc92') in 0.016095 seconds 
========================================================================
Received Import Request.
  Time since last request: 0.029782 seconds.
  path: Assets/Vendors/Voices - Essentials/Voice_Male/Voice_Male_Jump&Land/Voice_Male_V1_Land_Mono_03.wav
  artifactKey: Guid(4e3da559eb1b560489e5b8d7c91b703f) Importer(815301076,1909f56bfc062723c751e8b465ee728b)
Start importing Assets/Vendors/Voices - Essentials/Voice_Male/Voice_Male_Jump&Land/Voice_Male_V1_Land_Mono_03.wav using Guid(4e3da559eb1b560489e5b8d7c91b703f) Importer(815301076,1909f56bfc062723c751e8b465ee728b)  -> (artifact id: '9aa48dbbf0bd0d5049198173e50d2b28') in 0.020520 seconds 
========================================================================
Received Import Request.
  Time since last request: 0.043583 seconds.
  path: Assets/Vendors/Voices - Essentials/Voice_Male/Voice_Male_Jump&Land/Voice_Male_V1_Jump_Mono_09.wav
  artifactKey: Guid(5b50263fc644a7e46b152d31541d7607) Importer(815301076,1909f56bfc062723c751e8b465ee728b)
Start importing Assets/Vendors/Voices - Essentials/Voice_Male/Voice_Male_Jump&Land/Voice_Male_V1_Jump_Mono_09.wav using Guid(5b50263fc644a7e46b152d31541d7607) Importer(815301076,1909f56bfc062723c751e8b465ee728b)  -> (artifact id: '18f1322b85d368c621bbfed180bfeb20') in 0.014654 seconds 
========================================================================
Received Import Request.
  Time since last request: 0.352627 seconds.
  path: Assets/Vendors/Voices - Essentials/Voice_Male/Voice_Male_Jump&Land/Voice_Male_V1_Jump_Mono_06.wav
  artifactKey: Guid(2547873d23b27ec468d3928555b8a483) Importer(815301076,1909f56bfc062723c751e8b465ee728b)
Start importing Assets/Vendors/Voices - Essentials/Voice_Male/Voice_Male_Jump&Land/Voice_Male_V1_Jump_Mono_06.wav using Guid(2547873d23b27ec468d3928555b8a483) Importer(815301076,1909f56bfc062723c751e8b465ee728b)  -> (artifact id: 'b55f19f7e5963768afe3c710a82402f0') in 0.014758 seconds 
========================================================================
Received Import Request.
  Time since last request: 0.029016 seconds.
  path: Assets/Vendors/Voices - Essentials/Voice_Male/Voice_Male_Hit/Voice_Male_V1_Hit_Short_Mono_13.wav
  artifactKey: Guid(9ef3f6cb1b48c67419812b50793d9da6) Importer(815301076,1909f56bfc062723c751e8b465ee728b)
Start importing Assets/Vendors/Voices - Essentials/Voice_Male/Voice_Male_Hit/Voice_Male_V1_Hit_Short_Mono_13.wav using Guid(9ef3f6cb1b48c67419812b50793d9da6) Importer(815301076,1909f56bfc062723c751e8b465ee728b)  -> (artifact id: 'e067c638cca20a59e59bc5a8e9452a6f') in 0.022565 seconds 
========================================================================
Received Import Request.
  Time since last request: 0.000082 seconds.
  path: Assets/Vendors/Voices - Essentials/Voice_Male/Voice_Male_Hit/Voice_Male_V1_Hit_Short_Mono_11.wav
  artifactKey: Guid(c39ba448713aff147bdc2b9b4126b1d8) Importer(815301076,1909f56bfc062723c751e8b465ee728b)
Start importing Assets/Vendors/Voices - Essentials/Voice_Male/Voice_Male_Hit/Voice_Male_V1_Hit_Short_Mono_11.wav using Guid(c39ba448713aff147bdc2b9b4126b1d8) Importer(815301076,1909f56bfc062723c751e8b465ee728b)  -> (artifact id: 'aa2d269a023137d2a0beab9add585a14') in 0.036674 seconds 
========================================================================
Received Import Request.
  Time since last request: 0.000046 seconds.
  path: Assets/Vendors/Voices - Essentials/Voice_Male/Voice_Male_Jump&Land/Voice_Male_V1_Jump_Mono_03.wav
  artifactKey: Guid(592fe506ec079e94d8f1df5b5bd83edf) Importer(815301076,1909f56bfc062723c751e8b465ee728b)
Start importing Assets/Vendors/Voices - Essentials/Voice_Male/Voice_Male_Jump&Land/Voice_Male_V1_Jump_Mono_03.wav using Guid(592fe506ec079e94d8f1df5b5bd83edf) Importer(815301076,1909f56bfc062723c751e8b465ee728b)  -> (artifact id: 'cba794f04b0619dafb045cf4095ac9f7') in 0.018909 seconds 
========================================================================
Received Import Request.
  Time since last request: 0.000034 seconds.
  path: Assets/Vendors/Voices - Essentials/Voice_Male/Voice_Male_Hit/Voice_Male_V1_Hit_Short_Mono_09.wav
  artifactKey: Guid(14a883f5f8241cc4ca1f35fe54fef1d2) Importer(815301076,1909f56bfc062723c751e8b465ee728b)
Start importing Assets/Vendors/Voices - Essentials/Voice_Male/Voice_Male_Hit/Voice_Male_V1_Hit_Short_Mono_09.wav using Guid(14a883f5f8241cc4ca1f35fe54fef1d2) Importer(815301076,1909f56bfc062723c751e8b465ee728b)  -> (artifact id: '714e3b3340468ad985b633f87f4c4589') in 0.019166 seconds 
========================================================================
Received Import Request.
  Time since last request: 0.485732 seconds.
  path: Assets/Vendors/Voices - Essentials/Voice_Male/Voice_Male_Hit/Voice_Male_V1_Hit_Short_Mono_04.wav
  artifactKey: Guid(80cc6816623c9a04580970e36613d8c4) Importer(815301076,1909f56bfc062723c751e8b465ee728b)
Start importing Assets/Vendors/Voices - Essentials/Voice_Male/Voice_Male_Hit/Voice_Male_V1_Hit_Short_Mono_04.wav using Guid(80cc6816623c9a04580970e36613d8c4) Importer(815301076,1909f56bfc062723c751e8b465ee728b)  -> (artifact id: 'ba3c9bed8ec9ef9a5eeefd754d89f996') in 0.019532 seconds 
========================================================================
Received Import Request.
  Time since last request: 0.000018 seconds.
  path: Assets/Vendors/Voices - Essentials/Voice_Male/Voice_Male_Hit/Voice_Male_V1_Hit_Short_Mono_01.wav
  artifactKey: Guid(5583e9c9a0afdf0408f9d0946666f85a) Importer(815301076,1909f56bfc062723c751e8b465ee728b)
Start importing Assets/Vendors/Voices - Essentials/Voice_Male/Voice_Male_Hit/Voice_Male_V1_Hit_Short_Mono_01.wav using Guid(5583e9c9a0afdf0408f9d0946666f85a) Importer(815301076,1909f56bfc062723c751e8b465ee728b)  -> (artifact id: 'b6ce2f289d81506207511d60f66f467b') in 0.020384 seconds 
========================================================================
Received Import Request.
  Time since last request: 0.026847 seconds.
  path: Assets/Vendors/Voices - Essentials/Voice_Male/Voice_Male_Hit/Voice_Male_V1_Hit_Mono_05.wav
  artifactKey: Guid(ed5d0007a6aca7a4e9cfe74b94ed21a2) Importer(815301076,1909f56bfc062723c751e8b465ee728b)
Start importing Assets/Vendors/Voices - Essentials/Voice_Male/Voice_Male_Hit/Voice_Male_V1_Hit_Mono_05.wav using Guid(ed5d0007a6aca7a4e9cfe74b94ed21a2) Importer(815301076,1909f56bfc062723c751e8b465ee728b)  -> (artifact id: 'f62c55ee081930ad0de30479d8c62608') in 0.013138 seconds 
========================================================================
Received Import Request.
  Time since last request: 0.000019 seconds.
  path: Assets/Vendors/Voices - Essentials/Voice_Male/Voice_Male_Hit/Voice_Male_V1_Hit_Mono_02.wav
  artifactKey: Guid(e5cec87f827407d4c80611da3e064acd) Importer(815301076,1909f56bfc062723c751e8b465ee728b)
Start importing Assets/Vendors/Voices - Essentials/Voice_Male/Voice_Male_Hit/Voice_Male_V1_Hit_Mono_02.wav using Guid(e5cec87f827407d4c80611da3e064acd) Importer(815301076,1909f56bfc062723c751e8b465ee728b)  -> (artifact id: 'bfb5e9c383983d8178985dbb61b3ab1c') in 0.032652 seconds 
========================================================================
Received Import Request.
  Time since last request: 0.000020 seconds.
  path: Assets/Vendors/Voices - Essentials/Voice_Male/Voice_Male_Hit/Voice_Male_V1_Hit_Mono_01.wav
  artifactKey: Guid(36face8ac33b3814caa19d440d6d33fa) Importer(815301076,1909f56bfc062723c751e8b465ee728b)
Start importing Assets/Vendors/Voices - Essentials/Voice_Male/Voice_Male_Hit/Voice_Male_V1_Hit_Mono_01.wav using Guid(36face8ac33b3814caa19d440d6d33fa) Importer(815301076,1909f56bfc062723c751e8b465ee728b)  -> (artifact id: '454f13346853dc9de7e54bb4cd1cdc47') in 0.016115 seconds 
========================================================================
Received Import Request.
  Time since last request: 39.064188 seconds.
  path: Assets/Vendors/Voices - Essentials/Voice_Female/Voice_Female_Expressions
  artifactKey: Guid(cf001f44153879b4aa8d41b96fe960b9) Importer(815301076,1909f56bfc062723c751e8b465ee728b)
Start importing Assets/Vendors/Voices - Essentials/Voice_Female/Voice_Female_Expressions using Guid(cf001f44153879b4aa8d41b96fe960b9) Importer(815301076,1909f56bfc062723c751e8b465ee728b)  -> (artifact id: '909a2ef5f83f3825c7d1c7e81a6a4e73') in 0.008058 seconds 
========================================================================
Received Import Request.
  Time since last request: 0.557432 seconds.
  path: Assets/Vendors/Voices - Essentials/Voice_Female/Voice_Female_Effort
  artifactKey: Guid(c7e599f5ecec0d947a974c86d66831ca) Importer(815301076,1909f56bfc062723c751e8b465ee728b)
Start importing Assets/Vendors/Voices - Essentials/Voice_Female/Voice_Female_Effort using Guid(c7e599f5ecec0d947a974c86d66831ca) Importer(815301076,1909f56bfc062723c751e8b465ee728b)  -> (artifact id: '5bbe09d6352a93fd98623f36463f27b4') in 0.008379 seconds 
========================================================================
Received Import Request.
  Time since last request: 0.716048 seconds.
  path: Assets/Vendors/Voices - Essentials/Voice_Female/Voice_Female_Expressions/Voice_Female_V1_Laugh_Long_Mono_01.wav
  artifactKey: Guid(804ff44cdb010ce4c98c6cc15a7126bd) Importer(815301076,1909f56bfc062723c751e8b465ee728b)
Start importing Assets/Vendors/Voices - Essentials/Voice_Female/Voice_Female_Expressions/Voice_Female_V1_Laugh_Long_Mono_01.wav using Guid(804ff44cdb010ce4c98c6cc15a7126bd) Importer(815301076,1909f56bfc062723c751e8b465ee728b)  -> (artifact id: '25d17a5f80ceea668b794f352911646d') in 0.015496 seconds 
========================================================================
Received Import Request.
  Time since last request: 0.000022 seconds.
  path: Assets/Vendors/Voices - Essentials/Voice_Female/Voice_Female_Expressions/Voice_Female_V1_Laugh_Short_Mono_04.wav
  artifactKey: Guid(7be0d8eb8e4455c4aaba2cd0bd330919) Importer(815301076,1909f56bfc062723c751e8b465ee728b)
Start importing Assets/Vendors/Voices - Essentials/Voice_Female/Voice_Female_Expressions/Voice_Female_V1_Laugh_Short_Mono_04.wav using Guid(7be0d8eb8e4455c4aaba2cd0bd330919) Importer(815301076,1909f56bfc062723c751e8b465ee728b)  -> (artifact id: '84297e9dbb6ba5853930cbc6a5b7073a') in 0.020538 seconds 
========================================================================
Received Import Request.
  Time since last request: 0.000047 seconds.
  path: Assets/Vendors/Voices - Essentials/Voice_Female/Voice_Female_Expressions/Voice_Female_V1_Laugh_Long_Mono_07.wav
  artifactKey: Guid(ac8ed444372bca740aa46a7cea78e99a) Importer(815301076,1909f56bfc062723c751e8b465ee728b)
Start importing Assets/Vendors/Voices - Essentials/Voice_Female/Voice_Female_Expressions/Voice_Female_V1_Laugh_Long_Mono_07.wav using Guid(ac8ed444372bca740aa46a7cea78e99a) Importer(815301076,1909f56bfc062723c751e8b465ee728b)  -> (artifact id: '1b87ad03ba8de538fca34f8a7d14224a') in 0.019200 seconds 
========================================================================
Received Import Request.
  Time since last request: 0.000025 seconds.
  path: Assets/Vendors/Voices - Essentials/Voice_Female/Voice_Female_Expressions/Voice_Female_V1_Reflexion_Mouth_Close_Mono_07.wav
  artifactKey: Guid(c31b4322968920248af201fed14f1cfd) Importer(815301076,1909f56bfc062723c751e8b465ee728b)
Start importing Assets/Vendors/Voices - Essentials/Voice_Female/Voice_Female_Expressions/Voice_Female_V1_Reflexion_Mouth_Close_Mono_07.wav using Guid(c31b4322968920248af201fed14f1cfd) Importer(815301076,1909f56bfc062723c751e8b465ee728b)  -> (artifact id: '56850a7035adaf33a9d8172551d9bb56') in 0.018223 seconds 
========================================================================
Received Import Request.
  Time since last request: 0.000037 seconds.
  path: Assets/Vendors/Voices - Essentials/Voice_Female/Voice_Female_Expressions/Voice_Female_V1_Laugh_Short_Mono_08.wav
  artifactKey: Guid(701900cac7c1ba14183145c14b89cade) Importer(815301076,1909f56bfc062723c751e8b465ee728b)
Start importing Assets/Vendors/Voices - Essentials/Voice_Female/Voice_Female_Expressions/Voice_Female_V1_Laugh_Short_Mono_08.wav using Guid(701900cac7c1ba14183145c14b89cade) Importer(815301076,1909f56bfc062723c751e8b465ee728b)  -> (artifact id: 'e1fae06ac218d58cca0be0eded49f757') in 0.017642 seconds 
========================================================================
Received Import Request.
  Time since last request: 0.000036 seconds.
  path: Assets/Vendors/Voices - Essentials/Voice_Female/Voice_Female_Expressions/Voice_Female_V1_Laugh_Long_Mono_06.wav
  artifactKey: Guid(6c4a5f155cbf1074e95cd9def3328efe) Importer(815301076,1909f56bfc062723c751e8b465ee728b)
Start importing Assets/Vendors/Voices - Essentials/Voice_Female/Voice_Female_Expressions/Voice_Female_V1_Laugh_Long_Mono_06.wav using Guid(6c4a5f155cbf1074e95cd9def3328efe) Importer(815301076,1909f56bfc062723c751e8b465ee728b)  -> (artifact id: '82b39d39d4ac97cd36193bc115f7051e') in 0.022617 seconds 
========================================================================
Received Import Request.
  Time since last request: 0.000024 seconds.
  path: Assets/Vendors/Voices - Essentials/Voice_Female/Voice_Female_Expressions/Voice_Female_V1_Laugh_Short_Mono_05.wav
  artifactKey: Guid(853c4fde25d773b4b88f41889ebf4dad) Importer(815301076,1909f56bfc062723c751e8b465ee728b)
Start importing Assets/Vendors/Voices - Essentials/Voice_Female/Voice_Female_Expressions/Voice_Female_V1_Laugh_Short_Mono_05.wav using Guid(853c4fde25d773b4b88f41889ebf4dad) Importer(815301076,1909f56bfc062723c751e8b465ee728b)  -> (artifact id: '04839c77419f99208dd48276b1a18eb8') in 0.021416 seconds 
========================================================================
Received Import Request.
  Time since last request: 0.000030 seconds.
  path: Assets/Vendors/Voices - Essentials/Voice_Female/Voice_Female_Expressions/Voice_Female_V1_Nod_Mono_03.wav
  artifactKey: Guid(65ab82acc71b1c54cbaa61aa1264fe42) Importer(815301076,1909f56bfc062723c751e8b465ee728b)
Start importing Assets/Vendors/Voices - Essentials/Voice_Female/Voice_Female_Expressions/Voice_Female_V1_Nod_Mono_03.wav using Guid(65ab82acc71b1c54cbaa61aa1264fe42) Importer(815301076,1909f56bfc062723c751e8b465ee728b)  -> (artifact id: '943233c34c058a0149ff643ed139d275') in 0.023986 seconds 
========================================================================
Received Import Request.
  Time since last request: 0.000024 seconds.
  path: Assets/Vendors/Voices - Essentials/Voice_Female/Voice_Female_Expressions/Voice_Female_V1_Nod_Mono_01.wav
  artifactKey: Guid(b2b4b803e540a5941b85835225e4123a) Importer(815301076,1909f56bfc062723c751e8b465ee728b)
Start importing Assets/Vendors/Voices - Essentials/Voice_Female/Voice_Female_Expressions/Voice_Female_V1_Nod_Mono_01.wav using Guid(b2b4b803e540a5941b85835225e4123a) Importer(815301076,1909f56bfc062723c751e8b465ee728b)  -> (artifact id: '81d353d6044de13ebc0e6179ba015f5c') in 0.027554 seconds 
========================================================================
Received Import Request.
  Time since last request: 0.000026 seconds.
  path: Assets/Vendors/Voices - Essentials/Voice_Female/Voice_Female_Expressions/Voice_Female_V1_Laugh_Long_Mono_05.wav
  artifactKey: Guid(1aa1b91cec14c6e479f2bf98f7cc3bd2) Importer(815301076,1909f56bfc062723c751e8b465ee728b)
Start importing Assets/Vendors/Voices - Essentials/Voice_Female/Voice_Female_Expressions/Voice_Female_V1_Laugh_Long_Mono_05.wav using Guid(1aa1b91cec14c6e479f2bf98f7cc3bd2) Importer(815301076,1909f56bfc062723c751e8b465ee728b)  -> (artifact id: 'eb33713c3818985510b2c7074881da30') in 0.019690 seconds 
========================================================================
Received Import Request.
  Time since last request: 0.000029 seconds.
  path: Assets/Vendors/Voices - Essentials/Voice_Female/Voice_Female_Expressions/Voice_Female_V1_Reflexion_Mouth_Close_Mono_06.wav
  artifactKey: Guid(0c13852d6274ccc4abf2f66063410f75) Importer(815301076,1909f56bfc062723c751e8b465ee728b)
Start importing Assets/Vendors/Voices - Essentials/Voice_Female/Voice_Female_Expressions/Voice_Female_V1_Reflexion_Mouth_Close_Mono_06.wav using Guid(0c13852d6274ccc4abf2f66063410f75) Importer(815301076,1909f56bfc062723c751e8b465ee728b)  -> (artifact id: '36dae03cd2596c9dae00b392c366d8c0') in 0.022968 seconds 
========================================================================
Received Import Request.
  Time since last request: 0.000047 seconds.
  path: Assets/Vendors/Voices - Essentials/Voice_Female/Voice_Female_Expressions/Voice_Female_V1_Reflexion_Mouth_Close_Mono_01.wav
  artifactKey: Guid(55aceff9b2fc5004cbbe333e3ae5c33c) Importer(815301076,1909f56bfc062723c751e8b465ee728b)
Start importing Assets/Vendors/Voices - Essentials/Voice_Female/Voice_Female_Expressions/Voice_Female_V1_Reflexion_Mouth_Close_Mono_01.wav using Guid(55aceff9b2fc5004cbbe333e3ae5c33c) Importer(815301076,1909f56bfc062723c751e8b465ee728b)  -> (artifact id: 'f3823a3919e1ec54e3f4e20cfb4f5393') in 0.020646 seconds 
========================================================================
Received Import Request.
  Time since last request: 0.000152 seconds.
  path: Assets/Vendors/Voices - Essentials/Voice_Female/Voice_Female_Expressions/Voice_Female_V1_Laugh_Long_Mono_04.wav
  artifactKey: Guid(638ba8374eebbcf4f914b1651b4f8355) Importer(815301076,1909f56bfc062723c751e8b465ee728b)
Start importing Assets/Vendors/Voices - Essentials/Voice_Female/Voice_Female_Expressions/Voice_Female_V1_Laugh_Long_Mono_04.wav using Guid(638ba8374eebbcf4f914b1651b4f8355) Importer(815301076,1909f56bfc062723c751e8b465ee728b)  -> (artifact id: '23e33fe22d911444c8530855f8c4af50') in 0.025567 seconds 
========================================================================
Received Prepare
Registering precompiled user dll's ...
Registered in 0.007676 seconds.
Begin MonoManager ReloadAssembly
Symbol file LoadedFromMemory doesn't match image C:\Unity Project\Learn\Unity Essensials Audio\Unity Essentials Audio\Library\PackageCache\com.unity.visualscripting@1.7.8\Editor\VisualScripting.Core\Dependencies\YamlDotNet\Unity.VisualScripting.YamlDotNet.dll
Symbol file LoadedFromMemory doesn't match image C:\Unity Project\Learn\Unity Essensials Audio\Unity Essentials Audio\Library\PackageCache\com.unity.visualscripting@1.7.8\Editor\VisualScripting.Core\Dependencies\DotNetZip\Unity.VisualScripting.IonicZip.dll
Native extension for WindowsStandalone target not found
Native extension for Android target not found
Native extension for WebGL target not found
Refreshing native plugins compatible for Editor in 1.96 ms, found 3 plugins.
Preloading 0 native plugins for Editor in 0.00 ms.
Mono: successfully reloaded assembly
- Completed reload, in  1.239 seconds
Domain Reload Profiling:
	ReloadAssembly (1239ms)
		BeginReloadAssembly (132ms)
			ExecutionOrderSort (0ms)
			DisableScriptedObjects (5ms)
			BackupInstance (0ms)
			ReleaseScriptingObjects (0ms)
			CreateAndSetChildDomain (39ms)
		EndReloadAssembly (1014ms)
			LoadAssemblies (91ms)
			RebuildTransferFunctionScriptingTraits (0ms)
			SetupTypeCache (272ms)
			ReleaseScriptCaches (3ms)
			RebuildScriptCaches (61ms)
			SetupLoadedEditorAssemblies (522ms)
				LogAssemblyErrors (0ms)
				InitializePlatformSupportModulesInManaged (30ms)
				SetLoadedEditorAssemblies (0ms)
				RefreshPlugins (2ms)
				BeforeProcessingInitializeOnLoad (96ms)
				ProcessInitializeOnLoadAttributes (283ms)
				ProcessInitializeOnLoadMethodAttributes (101ms)
				AfterProcessingInitializeOnLoad (9ms)
				EditorAssembliesLoaded (0ms)
			ExecutionOrderSort2 (0ms)
			AwakeInstancesAfterBackupRestoration (9ms)
Platform modules already initialized, skipping
Refreshing native plugins compatible for Editor in 3.17 ms, found 3 plugins.
Preloading 0 native plugins for Editor in 0.00 ms.
Unloading 4899 Unused Serialized files (Serialized files now loaded: 0)
Unloading 27 unused Assets / (0.7 MB). Loaded Objects now: 5490.
Memory consumption went from 191.9 MB to 191.2 MB.
Total: 4.565300 ms (FindLiveObjects: 0.502600 ms CreateObjectMapping: 0.370800 ms MarkObjects: 3.397700 ms  DeleteObjects: 0.292700 ms)

AssetImportParameters requested are different than current active one (requested -> active):
  custom:video-decoder-ogg-theora: a1e56fd34408186e4bbccfd4996cb3dc -> 
  custom:container-muxer-webm: aa71ff27fc2769a1b78a27578f13a17b -> 
  custom:container-demuxer-webm: 4f35f7cbe854078d1ac9338744f61a02 -> 
  custom:video-encoder-webm-vp8: eb34c28f22e8b96e1ab97ce403110664 -> 
  custom:audio-encoder-webm-vorbis: bf7c407c2cedff20999df2af8eb42d56 -> 
  custom:framework-win-MediaFoundation: 216162199b28c13a410421893ffa2e32 -> 
  custom:SearchIndexIgnoredProperties: e643bd26f0fe6173181afceb89e7c659 -> 
  custom:container-demuxer-ogg: 62fdf1f143b41e24485cea50d1cbac27 -> 
  custom:video-decoder-webm-vp8: 9c59270c3fd7afecdb556c50c9e8de78 -> 
  custom:audio-decoder-ogg-vorbis: bf7c407c2cedff20999df2af8eb42d56 -> 
========================================================================
Received Prepare
Registering precompiled user dll's ...
Registered in 0.007769 seconds.
Begin MonoManager ReloadAssembly
Symbol file LoadedFromMemory doesn't match image C:\Unity Project\Learn\Unity Essensials Audio\Unity Essentials Audio\Library\PackageCache\com.unity.visualscripting@1.7.8\Editor\VisualScripting.Core\Dependencies\YamlDotNet\Unity.VisualScripting.YamlDotNet.dll
Symbol file LoadedFromMemory doesn't match image C:\Unity Project\Learn\Unity Essensials Audio\Unity Essentials Audio\Library\PackageCache\com.unity.visualscripting@1.7.8\Editor\VisualScripting.Core\Dependencies\DotNetZip\Unity.VisualScripting.IonicZip.dll
Native extension for WindowsStandalone target not found
Native extension for Android target not found
Native extension for WebGL target not found
Refreshing native plugins compatible for Editor in 1.13 ms, found 3 plugins.
Preloading 0 native plugins for Editor in 0.00 ms.
Mono: successfully reloaded assembly
- Completed reload, in  1.240 seconds
Domain Reload Profiling:
	ReloadAssembly (1241ms)
		BeginReloadAssembly (129ms)
			ExecutionOrderSort (0ms)
			DisableScriptedObjects (5ms)
			BackupInstance (0ms)
			ReleaseScriptingObjects (0ms)
			CreateAndSetChildDomain (35ms)
		EndReloadAssembly (1018ms)
			LoadAssemblies (91ms)
			RebuildTransferFunctionScriptingTraits (0ms)
			SetupTypeCache (259ms)
			ReleaseScriptCaches (2ms)
			RebuildScriptCaches (54ms)
			SetupLoadedEditorAssemblies (542ms)
				LogAssemblyErrors (0ms)
				InitializePlatformSupportModulesInManaged (36ms)
				SetLoadedEditorAssemblies (0ms)
				RefreshPlugins (1ms)
				BeforeProcessingInitializeOnLoad (99ms)
				ProcessInitializeOnLoadAttributes (282ms)
				ProcessInitializeOnLoadMethodAttributes (113ms)
				AfterProcessingInitializeOnLoad (9ms)
				EditorAssembliesLoaded (0ms)
			ExecutionOrderSort2 (0ms)
			AwakeInstancesAfterBackupRestoration (9ms)
Platform modules already initialized, skipping
Refreshing native plugins compatible for Editor in 2.43 ms, found 3 plugins.
Preloading 0 native plugins for Editor in 0.00 ms.
Unloading 4899 Unused Serialized files (Serialized files now loaded: 0)
Unloading 27 unused Assets / (0.7 MB). Loaded Objects now: 5493.
Memory consumption went from 191.9 MB to 191.2 MB.
Total: 6.276500 ms (FindLiveObjects: 0.527700 ms CreateObjectMapping: 0.789900 ms MarkObjects: 4.545700 ms  DeleteObjects: 0.412200 ms)

AssetImportParameters requested are different than current active one (requested -> active):
  custom:video-decoder-ogg-theora: a1e56fd34408186e4bbccfd4996cb3dc -> 
  custom:container-muxer-webm: aa71ff27fc2769a1b78a27578f13a17b -> 
  custom:container-demuxer-webm: 4f35f7cbe854078d1ac9338744f61a02 -> 
  custom:video-encoder-webm-vp8: eb34c28f22e8b96e1ab97ce403110664 -> 
  custom:audio-encoder-webm-vorbis: bf7c407c2cedff20999df2af8eb42d56 -> 
  custom:framework-win-MediaFoundation: 216162199b28c13a410421893ffa2e32 -> 
  custom:SearchIndexIgnoredProperties: e643bd26f0fe6173181afceb89e7c659 -> 
  custom:container-demuxer-ogg: 62fdf1f143b41e24485cea50d1cbac27 -> 
  custom:video-decoder-webm-vp8: 9c59270c3fd7afecdb556c50c9e8de78 -> 
  custom:audio-decoder-ogg-vorbis: bf7c407c2cedff20999df2af8eb42d56 -> 
========================================================================
Received Import Request.
  Time since last request: 63.169350 seconds.
  path: Assets/Vendors/Vehicle_Essentials/Vehicle_Car/Vehicle_Car_Electric_Window/Vehicle_Car_ElectricWindow_Closing.wav
  artifactKey: Guid(96fc32f667a183e44b32f8c3dae5fe3d) Importer(815301076,1909f56bfc062723c751e8b465ee728b)
Start importing Assets/Vendors/Vehicle_Essentials/Vehicle_Car/Vehicle_Car_Electric_Window/Vehicle_Car_ElectricWindow_Closing.wav using Guid(96fc32f667a183e44b32f8c3dae5fe3d) Importer(815301076,1909f56bfc062723c751e8b465ee728b)  -> (artifact id: 'e087fc99c2b307500ffad7ad4b8aea9a') in 0.044268 seconds 
========================================================================
Received Import Request.
  Time since last request: 6.111186 seconds.
  path: Assets/Vendors/Vehicle_Essentials/Vehicle_Van/Vehicle_Van_Drive
  artifactKey: Guid(8e01f20967ad008418dd6b2728dd04c3) Importer(815301076,1909f56bfc062723c751e8b465ee728b)
Start importing Assets/Vendors/Vehicle_Essentials/Vehicle_Van/Vehicle_Van_Drive using Guid(8e01f20967ad008418dd6b2728dd04c3) Importer(815301076,1909f56bfc062723c751e8b465ee728b)  -> (artifact id: '4b2f74e86c39c254c226560732b5237f') in 0.007790 seconds 
========================================================================
Received Import Request.
  Time since last request: 0.750340 seconds.
  path: Assets/Vendors/Vehicle_Essentials/Vehicle_Van/Vehicle_Van_Electric_Window
  artifactKey: Guid(4befb7f5f5298b247ae00da96984217e) Importer(815301076,1909f56bfc062723c751e8b465ee728b)
Start importing Assets/Vendors/Vehicle_Essentials/Vehicle_Van/Vehicle_Van_Electric_Window using Guid(4befb7f5f5298b247ae00da96984217e) Importer(815301076,1909f56bfc062723c751e8b465ee728b)  -> (artifact id: '4840fb470c20532dfe7add8b910939b6') in 0.009257 seconds 
========================================================================
Received Import Request.
  Time since last request: 0.436895 seconds.
  path: Assets/Vendors/Vehicle_Essentials/Vehicle_Van/Vehicle_Van_Engine
  artifactKey: Guid(327a94feae4014346bddd99a15b47a70) Importer(815301076,1909f56bfc062723c751e8b465ee728b)
Start importing Assets/Vendors/Vehicle_Essentials/Vehicle_Van/Vehicle_Van_Engine using Guid(327a94feae4014346bddd99a15b47a70) Importer(815301076,1909f56bfc062723c751e8b465ee728b)  -> (artifact id: 'b49a02efd343cc47a355f6cf45b98adf') in 0.008410 seconds 
========================================================================
Received Import Request.
  Time since last request: 0.939728 seconds.
  path: Assets/Vendors/Vehicle_Essentials/Vehicle_Van/Vehicle_Van_Engine/Vehicle_Van_Idle_Exterior_Front_Loop_01.wav
  artifactKey: Guid(1185051e252b2bd44923565eaf7de5ca) Importer(815301076,1909f56bfc062723c751e8b465ee728b)
Start importing Assets/Vendors/Vehicle_Essentials/Vehicle_Van/Vehicle_Van_Engine/Vehicle_Van_Idle_Exterior_Front_Loop_01.wav using Guid(1185051e252b2bd44923565eaf7de5ca) Importer(815301076,1909f56bfc062723c751e8b465ee728b)  -> (artifact id: 'bca197d047561bdf194c5ddf3da91718') in 0.013439 seconds 
========================================================================
Received Import Request.
  Time since last request: 0.000019 seconds.
  path: Assets/Vendors/Vehicle_Essentials/Vehicle_Van/Vehicle_Van_Engine/Vehicle_Van_Idle_Exterior_Rear_Loop_02.wav
  artifactKey: Guid(0cee432430908ab4eb090997020f1a23) Importer(815301076,1909f56bfc062723c751e8b465ee728b)
Start importing Assets/Vendors/Vehicle_Essentials/Vehicle_Van/Vehicle_Van_Engine/Vehicle_Van_Idle_Exterior_Rear_Loop_02.wav using Guid(0cee432430908ab4eb090997020f1a23) Importer(815301076,1909f56bfc062723c751e8b465ee728b)  -> (artifact id: '992c2a5a148491bbfc05969d18077bfc') in 0.026573 seconds 
========================================================================
Received Import Request.
  Time since last request: 10.337212 seconds.
  path: Assets/Vendors/Vehicle_Essentials/Vehicle_Van/Vehicle_Van_Keys
  artifactKey: Guid(77c99ca37b69cab4ab21c162d9bc40f1) Importer(815301076,1909f56bfc062723c751e8b465ee728b)
Start importing Assets/Vendors/Vehicle_Essentials/Vehicle_Van/Vehicle_Van_Keys using Guid(77c99ca37b69cab4ab21c162d9bc40f1) Importer(815301076,1909f56bfc062723c751e8b465ee728b)  -> (artifact id: '39000b29b1a97e462d2a81ec800b3ba1') in 0.007363 seconds 
========================================================================
Received Import Request.
  Time since last request: 0.463598 seconds.
  path: Assets/Vendors/Vehicle_Essentials/Vehicle_Van/Vehicle_Van_Seat_Belt
  artifactKey: Guid(57ce3d24e0890f349af5ae11744a4745) Importer(815301076,1909f56bfc062723c751e8b465ee728b)
Start importing Assets/Vendors/Vehicle_Essentials/Vehicle_Van/Vehicle_Van_Seat_Belt using Guid(57ce3d24e0890f349af5ae11744a4745) Importer(815301076,1909f56bfc062723c751e8b465ee728b)  -> (artifact id: '5e647b7114cd70e377b32e43dafa3057') in 0.009366 seconds 
========================================================================
Received Import Request.
  Time since last request: 0.421682 seconds.
  path: Assets/Vendors/Vehicle_Essentials/Vehicle_Van/Vehicle_Van_Trunk
  artifactKey: Guid(dc9d5cdaca531884190f055b74756668) Importer(815301076,1909f56bfc062723c751e8b465ee728b)
Start importing Assets/Vendors/Vehicle_Essentials/Vehicle_Van/Vehicle_Van_Trunk using Guid(dc9d5cdaca531884190f055b74756668) Importer(815301076,1909f56bfc062723c751e8b465ee728b)  -> (artifact id: '8b51fcf9f770c131948e40e40cc4527d') in 0.008579 seconds 
========================================================================
Received Import Request.
  Time since last request: 1.504815 seconds.
  path: Assets/Vendors/Vehicle_Essentials/Vehicle_Van/Vehicle_Van_Keys/Vehicle_Van_Keys_Interior_01.wav
  artifactKey: Guid(fb69eeb47f0d1484cad7b1afa7c720e8) Importer(815301076,1909f56bfc062723c751e8b465ee728b)
Start importing Assets/Vendors/Vehicle_Essentials/Vehicle_Van/Vehicle_Van_Keys/Vehicle_Van_Keys_Interior_01.wav using Guid(fb69eeb47f0d1484cad7b1afa7c720e8) Importer(815301076,1909f56bfc062723c751e8b465ee728b)  -> (artifact id: 'f053d2b6f1527c0336d6e7e6690df81e') in 0.014039 seconds 
========================================================================
Received Import Request.
  Time since last request: 0.000021 seconds.
  path: Assets/Vendors/Vehicle_Essentials/Vehicle_Van/Vehicle_Van_Keys/Vehicle_Van_Keys_Interior_04.wav
  artifactKey: Guid(d3e31bf648d19a84380d60267ea6ad59) Importer(815301076,1909f56bfc062723c751e8b465ee728b)
Start importing Assets/Vendors/Vehicle_Essentials/Vehicle_Van/Vehicle_Van_Keys/Vehicle_Van_Keys_Interior_04.wav using Guid(d3e31bf648d19a84380d60267ea6ad59) Importer(815301076,1909f56bfc062723c751e8b465ee728b)  -> (artifact id: '5e59039c5490be58058af755b91b1177') in 0.024973 seconds 
========================================================================
Received Import Request.
  Time since last request: 7.445046 seconds.
  path: Assets/Vendors/Vehicle_Essentials/Vehicle_Van/Vehicle_Van_Doors
  artifactKey: Guid(f0bfe486efba11049ab138985767c700) Importer(815301076,1909f56bfc062723c751e8b465ee728b)
Start importing Assets/Vendors/Vehicle_Essentials/Vehicle_Van/Vehicle_Van_Doors using Guid(f0bfe486efba11049ab138985767c700) Importer(815301076,1909f56bfc062723c751e8b465ee728b)  -> (artifact id: '952d37f5af0b58b76b62e9a91a21da00') in 0.009297 seconds 
========================================================================
Received Import Request.
  Time since last request: 0.547623 seconds.
  path: Assets/Vendors/Vehicle_Essentials/Vehicle_Van/Vehicle_Van_Buttons
  artifactKey: Guid(0f34971f4f427c748b7901359b6cc812) Importer(815301076,1909f56bfc062723c751e8b465ee728b)
Start importing Assets/Vendors/Vehicle_Essentials/Vehicle_Van/Vehicle_Van_Buttons using Guid(0f34971f4f427c748b7901359b6cc812) Importer(815301076,1909f56bfc062723c751e8b465ee728b)  -> (artifact id: 'b17d9fe397ef57b7ad7a0c861f046415') in 0.008696 seconds 
========================================================================
Received Import Request.
  Time since last request: 0.510207 seconds.
  path: Assets/Vendors/Vehicle_Essentials/Vehicle_Van/Vehicle_Van_Body_Movement
  artifactKey: Guid(ace65b87843945b4aa94ea23e73bb548) Importer(815301076,1909f56bfc062723c751e8b465ee728b)
Start importing Assets/Vendors/Vehicle_Essentials/Vehicle_Van/Vehicle_Van_Body_Movement using Guid(ace65b87843945b4aa94ea23e73bb548) Importer(815301076,1909f56bfc062723c751e8b465ee728b)  -> (artifact id: '747aada398ea9122db94b65395bf265c') in 0.008759 seconds 
========================================================================
Received Import Request.
  Time since last request: 2.008399 seconds.
  path: Assets/Vendors/Vehicle_Essentials/Vehicle_Van/Vehicle_Van_Body_Movement/Vehicle_Van_Body_Movement_Interior_01.wav
  artifactKey: Guid(c868e79704176fc4b999470f26ecf723) Importer(815301076,1909f56bfc062723c751e8b465ee728b)
Start importing Assets/Vendors/Vehicle_Essentials/Vehicle_Van/Vehicle_Van_Body_Movement/Vehicle_Van_Body_Movement_Interior_01.wav using Guid(c868e79704176fc4b999470f26ecf723) Importer(815301076,1909f56bfc062723c751e8b465ee728b)  -> (artifact id: '288e0eb7674679df8b904e58fcaf3304') in 0.034781 seconds 
========================================================================
Received Import Request.
  Time since last request: 0.000017 seconds.
  path: Assets/Vendors/Vehicle_Essentials/Vehicle_Van/Vehicle_Van_Body_Movement/Vehicle_Van_Body_Movement_Interior_03.wav
  artifactKey: Guid(5c871a674517fd74e914672551eaaba3) Importer(815301076,1909f56bfc062723c751e8b465ee728b)
Start importing Assets/Vendors/Vehicle_Essentials/Vehicle_Van/Vehicle_Van_Body_Movement/Vehicle_Van_Body_Movement_Interior_03.wav using Guid(5c871a674517fd74e914672551eaaba3) Importer(815301076,1909f56bfc062723c751e8b465ee728b)  -> (artifact id: 'db37261116789253720f61367e7ab9e8') in 0.023633 seconds 
========================================================================
Received Import Request.
  Time since last request: 20.786470 seconds.
  path: Assets/Vendors/Vehicle_Essentials/Vehicle_Car/Vehicle_Car_Keys/Vehicle_Car_Keys_01.wav
  artifactKey: Guid(203c89446a8e5b34f89f1b69a42da323) Importer(815301076,1909f56bfc062723c751e8b465ee728b)
Start importing Assets/Vendors/Vehicle_Essentials/Vehicle_Car/Vehicle_Car_Keys/Vehicle_Car_Keys_01.wav using Guid(203c89446a8e5b34f89f1b69a42da323) Importer(815301076,1909f56bfc062723c751e8b465ee728b)  -> (artifact id: '69db01a8990eb7f7175b14b1bf41c6db') in 0.016928 seconds 
========================================================================
Received Import Request.
  Time since last request: 0.000015 seconds.
  path: Assets/Vendors/Vehicle_Essentials/Vehicle_Car/Vehicle_Car_Keys/Vehicle_Car_Keys_05.wav
  artifactKey: Guid(1e0f354b7916362408190f56aa64fc45) Importer(815301076,1909f56bfc062723c751e8b465ee728b)
Start importing Assets/Vendors/Vehicle_Essentials/Vehicle_Car/Vehicle_Car_Keys/Vehicle_Car_Keys_05.wav using Guid(1e0f354b7916362408190f56aa64fc45) Importer(815301076,1909f56bfc062723c751e8b465ee728b)  -> (artifact id: 'b0558857b96fc980294603d8bfd0cfde') in 0.013366 seconds 
========================================================================
Received Import Request.
  Time since last request: 8.146164 seconds.
  path: Assets/Vendors/Vehicle_Essentials/Vehicle_Car/Vehicle_Car_Horns/Vehicle_Car_Horn_Exterior.wav
  artifactKey: Guid(0d34d6e748eb93042b0ff0bf1c6f120c) Importer(815301076,1909f56bfc062723c751e8b465ee728b)
Start importing Assets/Vendors/Vehicle_Essentials/Vehicle_Car/Vehicle_Car_Horns/Vehicle_Car_Horn_Exterior.wav using Guid(0d34d6e748eb93042b0ff0bf1c6f120c) Importer(815301076,1909f56bfc062723c751e8b465ee728b)  -> (artifact id: 'dedaea05d6bef95703a1d0e45fe897af') in 0.015786 seconds 
========================================================================
Received Prepare
Registering precompiled user dll's ...
Registered in 0.006135 seconds.
Begin MonoManager ReloadAssembly
Symbol file LoadedFromMemory doesn't match image C:\Unity Project\Learn\Unity Essensials Audio\Unity Essentials Audio\Library\PackageCache\com.unity.visualscripting@1.7.8\Editor\VisualScripting.Core\Dependencies\YamlDotNet\Unity.VisualScripting.YamlDotNet.dll
Symbol file LoadedFromMemory doesn't match image C:\Unity Project\Learn\Unity Essensials Audio\Unity Essentials Audio\Library\PackageCache\com.unity.visualscripting@1.7.8\Editor\VisualScripting.Core\Dependencies\DotNetZip\Unity.VisualScripting.IonicZip.dll
Native extension for WindowsStandalone target not found
Native extension for Android target not found
Native extension for WebGL target not found
Refreshing native plugins compatible for Editor in 0.96 ms, found 3 plugins.
Preloading 0 native plugins for Editor in 0.00 ms.
Mono: successfully reloaded assembly
- Completed reload, in  1.233 seconds
Domain Reload Profiling:
	ReloadAssembly (1234ms)
		BeginReloadAssembly (127ms)
			ExecutionOrderSort (0ms)
			DisableScriptedObjects (7ms)
			BackupInstance (0ms)
			ReleaseScriptingObjects (0ms)
			CreateAndSetChildDomain (34ms)
		EndReloadAssembly (1014ms)
			LoadAssemblies (90ms)
			RebuildTransferFunctionScriptingTraits (0ms)
			SetupTypeCache (273ms)
			ReleaseScriptCaches (2ms)
			RebuildScriptCaches (65ms)
			SetupLoadedEditorAssemblies (510ms)
				LogAssemblyErrors (0ms)
				InitializePlatformSupportModulesInManaged (28ms)
				SetLoadedEditorAssemblies (0ms)
				RefreshPlugins (1ms)
				BeforeProcessingInitializeOnLoad (93ms)
				ProcessInitializeOnLoadAttributes (277ms)
				ProcessInitializeOnLoadMethodAttributes (101ms)
				AfterProcessingInitializeOnLoad (9ms)
				EditorAssembliesLoaded (0ms)
			ExecutionOrderSort2 (0ms)
			AwakeInstancesAfterBackupRestoration (9ms)
Platform modules already initialized, skipping
Refreshing native plugins compatible for Editor in 3.31 ms, found 3 plugins.
Preloading 0 native plugins for Editor in 0.00 ms.
Unloading 4899 Unused Serialized files (Serialized files now loaded: 0)
Unloading 27 unused Assets / (0.7 MB). Loaded Objects now: 5496.
Memory consumption went from 192.0 MB to 191.3 MB.
Total: 4.999100 ms (FindLiveObjects: 0.615400 ms CreateObjectMapping: 0.995700 ms MarkObjects: 3.112400 ms  DeleteObjects: 0.274300 ms)

AssetImportParameters requested are different than current active one (requested -> active):
  custom:video-decoder-ogg-theora: a1e56fd34408186e4bbccfd4996cb3dc -> 
  custom:container-muxer-webm: aa71ff27fc2769a1b78a27578f13a17b -> 
  custom:container-demuxer-webm: 4f35f7cbe854078d1ac9338744f61a02 -> 
  custom:video-encoder-webm-vp8: eb34c28f22e8b96e1ab97ce403110664 -> 
  custom:audio-encoder-webm-vorbis: bf7c407c2cedff20999df2af8eb42d56 -> 
  custom:framework-win-MediaFoundation: 216162199b28c13a410421893ffa2e32 -> 
  custom:SearchIndexIgnoredProperties: e643bd26f0fe6173181afceb89e7c659 -> 
  custom:container-demuxer-ogg: 62fdf1f143b41e24485cea50d1cbac27 -> 
  custom:video-decoder-webm-vp8: 9c59270c3fd7afecdb556c50c9e8de78 -> 
  custom:audio-decoder-ogg-vorbis: bf7c407c2cedff20999df2af8eb42d56 -> 
========================================================================
Received Prepare
Registering precompiled user dll's ...
Registered in 0.006947 seconds.
Begin MonoManager ReloadAssembly
Symbol file LoadedFromMemory doesn't match image C:\Unity Project\Learn\Unity Essensials Audio\Unity Essentials Audio\Library\PackageCache\com.unity.visualscripting@1.7.8\Editor\VisualScripting.Core\Dependencies\YamlDotNet\Unity.VisualScripting.YamlDotNet.dll
Symbol file LoadedFromMemory doesn't match image C:\Unity Project\Learn\Unity Essensials Audio\Unity Essentials Audio\Library\PackageCache\com.unity.visualscripting@1.7.8\Editor\VisualScripting.Core\Dependencies\DotNetZip\Unity.VisualScripting.IonicZip.dll
Native extension for WindowsStandalone target not found
Native extension for Android target not found
Native extension for WebGL target not found
Refreshing native plugins compatible for Editor in 1.79 ms, found 3 plugins.
Preloading 0 native plugins for Editor in 0.00 ms.
Mono: successfully reloaded assembly
- Completed reload, in  1.238 seconds
Domain Reload Profiling:
	ReloadAssembly (1239ms)
		BeginReloadAssembly (123ms)
			ExecutionOrderSort (0ms)
			DisableScriptedObjects (6ms)
			BackupInstance (0ms)
			ReleaseScriptingObjects (0ms)
			CreateAndSetChildDomain (33ms)
		EndReloadAssembly (1012ms)
			LoadAssemblies (89ms)
			RebuildTransferFunctionScriptingTraits (0ms)
			SetupTypeCache (262ms)
			ReleaseScriptCaches (2ms)
			RebuildScriptCaches (52ms)
			SetupLoadedEditorAssemblies (534ms)
				LogAssemblyErrors (0ms)
				InitializePlatformSupportModulesInManaged (30ms)
				SetLoadedEditorAssemblies (1ms)
				RefreshPlugins (2ms)
				BeforeProcessingInitializeOnLoad (99ms)
				ProcessInitializeOnLoadAttributes (286ms)
				ProcessInitializeOnLoadMethodAttributes (107ms)
				AfterProcessingInitializeOnLoad (8ms)
				EditorAssembliesLoaded (0ms)
			ExecutionOrderSort2 (0ms)
			AwakeInstancesAfterBackupRestoration (12ms)
Platform modules already initialized, skipping
Refreshing native plugins compatible for Editor in 2.41 ms, found 3 plugins.
Preloading 0 native plugins for Editor in 0.00 ms.
Unloading 4899 Unused Serialized files (Serialized files now loaded: 0)
Unloading 27 unused Assets / (0.7 MB). Loaded Objects now: 5499.
Memory consumption went from 191.8 MB to 191.1 MB.
Total: 4.269600 ms (FindLiveObjects: 0.472700 ms CreateObjectMapping: 0.350200 ms MarkObjects: 3.021100 ms  DeleteObjects: 0.423900 ms)

AssetImportParameters requested are different than current active one (requested -> active):
  custom:video-decoder-ogg-theora: a1e56fd34408186e4bbccfd4996cb3dc -> 
  custom:container-muxer-webm: aa71ff27fc2769a1b78a27578f13a17b -> 
  custom:container-demuxer-webm: 4f35f7cbe854078d1ac9338744f61a02 -> 
  custom:video-encoder-webm-vp8: eb34c28f22e8b96e1ab97ce403110664 -> 
  custom:audio-encoder-webm-vorbis: bf7c407c2cedff20999df2af8eb42d56 -> 
  custom:framework-win-MediaFoundation: 216162199b28c13a410421893ffa2e32 -> 
  custom:SearchIndexIgnoredProperties: e643bd26f0fe6173181afceb89e7c659 -> 
  custom:container-demuxer-ogg: 62fdf1f143b41e24485cea50d1cbac27 -> 
  custom:video-decoder-webm-vp8: 9c59270c3fd7afecdb556c50c9e8de78 -> 
  custom:audio-decoder-ogg-vorbis: bf7c407c2cedff20999df2af8eb42d56 -> 
========================================================================
Received Prepare
Registering precompiled user dll's ...
Registered in 0.006059 seconds.
Begin MonoManager ReloadAssembly
Symbol file LoadedFromMemory doesn't match image C:\Unity Project\Learn\Unity Essensials Audio\Unity Essentials Audio\Library\PackageCache\com.unity.visualscripting@1.7.8\Editor\VisualScripting.Core\Dependencies\YamlDotNet\Unity.VisualScripting.YamlDotNet.dll
Symbol file LoadedFromMemory doesn't match image C:\Unity Project\Learn\Unity Essensials Audio\Unity Essentials Audio\Library\PackageCache\com.unity.visualscripting@1.7.8\Editor\VisualScripting.Core\Dependencies\DotNetZip\Unity.VisualScripting.IonicZip.dll
Native extension for WindowsStandalone target not found
Native extension for Android target not found
Native extension for WebGL target not found
Refreshing native plugins compatible for Editor in 0.88 ms, found 3 plugins.
Preloading 0 native plugins for Editor in 0.00 ms.
Mono: successfully reloaded assembly
- Completed reload, in  1.001 seconds
Domain Reload Profiling:
	ReloadAssembly (1002ms)
		BeginReloadAssembly (119ms)
			ExecutionOrderSort (0ms)
			DisableScriptedObjects (5ms)
			BackupInstance (0ms)
			ReleaseScriptingObjects (0ms)
			CreateAndSetChildDomain (33ms)
		EndReloadAssembly (780ms)
			LoadAssemblies (82ms)
			RebuildTransferFunctionScriptingTraits (0ms)
			SetupTypeCache (239ms)
			ReleaseScriptCaches (1ms)
			RebuildScriptCaches (38ms)
			SetupLoadedEditorAssemblies (382ms)
				LogAssemblyErrors (0ms)
				InitializePlatformSupportModulesInManaged (20ms)
				SetLoadedEditorAssemblies (0ms)
				RefreshPlugins (1ms)
				BeforeProcessingInitializeOnLoad (78ms)
				ProcessInitializeOnLoadAttributes (201ms)
				ProcessInitializeOnLoadMethodAttributes (74ms)
				AfterProcessingInitializeOnLoad (7ms)
				EditorAssembliesLoaded (0ms)
			ExecutionOrderSort2 (0ms)
			AwakeInstancesAfterBackupRestoration (7ms)
Platform modules already initialized, skipping
Refreshing native plugins compatible for Editor in 2.10 ms, found 3 plugins.
Preloading 0 native plugins for Editor in 0.00 ms.
Unloading 4934 Unused Serialized files (Serialized files now loaded: 0)
Unloading 28 unused Assets / (0.7 MB). Loaded Objects now: 5536.
Memory consumption went from 193.1 MB to 192.5 MB.
Total: 3.620900 ms (FindLiveObjects: 0.403000 ms CreateObjectMapping: 0.272500 ms MarkObjects: 2.697100 ms  DeleteObjects: 0.247500 ms)

AssetImportParameters requested are different than current active one (requested -> active):
  custom:video-decoder-ogg-theora: a1e56fd34408186e4bbccfd4996cb3dc -> 
  custom:container-muxer-webm: aa71ff27fc2769a1b78a27578f13a17b -> 
  custom:container-demuxer-webm: 4f35f7cbe854078d1ac9338744f61a02 -> 
  custom:video-encoder-webm-vp8: eb34c28f22e8b96e1ab97ce403110664 -> 
  custom:audio-encoder-webm-vorbis: bf7c407c2cedff20999df2af8eb42d56 -> 
  custom:framework-win-MediaFoundation: 216162199b28c13a410421893ffa2e32 -> 
  custom:SearchIndexIgnoredProperties: e643bd26f0fe6173181afceb89e7c659 -> 
  custom:container-demuxer-ogg: 62fdf1f143b41e24485cea50d1cbac27 -> 
  custom:video-decoder-webm-vp8: 9c59270c3fd7afecdb556c50c9e8de78 -> 
  custom:audio-decoder-ogg-vorbis: bf7c407c2cedff20999df2af8eb42d56 -> 
========================================================================
Received Prepare
Refreshing native plugins compatible for Editor in 142.79 ms, found 3 plugins.
Preloading 0 native plugins for Editor in 0.00 ms.
Unloading 28 Unused Serialized files (Serialized files now loaded: 0)
Unloading 28 unused Assets / (397.2 KB). Loaded Objects now: 5536.
Memory consumption went from 96.0 MB to 95.6 MB.
Total: 4.573800 ms (FindLiveObjects: 0.371000 ms CreateObjectMapping: 0.313600 ms MarkObjects: 3.601300 ms  DeleteObjects: 0.287100 ms)

AssetImportParameters requested are different than current active one (requested -> active):
  custom:video-decoder-ogg-theora: a1e56fd34408186e4bbccfd4996cb3dc -> 
  custom:container-muxer-webm: aa71ff27fc2769a1b78a27578f13a17b -> 
  custom:container-demuxer-webm: 4f35f7cbe854078d1ac9338744f61a02 -> 
  custom:video-encoder-webm-vp8: eb34c28f22e8b96e1ab97ce403110664 -> 
  custom:audio-encoder-webm-vorbis: bf7c407c2cedff20999df2af8eb42d56 -> 
  custom:framework-win-MediaFoundation: 216162199b28c13a410421893ffa2e32 -> 
  custom:SearchIndexIgnoredProperties: e643bd26f0fe6173181afceb89e7c659 -> 
  custom:container-demuxer-ogg: 62fdf1f143b41e24485cea50d1cbac27 -> 
  custom:video-decoder-webm-vp8: 9c59270c3fd7afecdb556c50c9e8de78 -> 
  custom:audio-decoder-ogg-vorbis: bf7c407c2cedff20999df2af8eb42d56 -> 
========================================================================
Received Prepare
Refreshing native plugins compatible for Editor in 4.18 ms, found 3 plugins.
Preloading 0 native plugins for Editor in 0.00 ms.
Unloading 28 Unused Serialized files (Serialized files now loaded: 0)
Unloading 28 unused Assets / (404.6 KB). Loaded Objects now: 5536.
Memory consumption went from 96.0 MB to 95.6 MB.
Total: 3.240500 ms (FindLiveObjects: 0.333900 ms CreateObjectMapping: 0.248300 ms MarkObjects: 2.432200 ms  DeleteObjects: 0.225500 ms)

AssetImportParameters requested are different than current active one (requested -> active):
  custom:video-decoder-ogg-theora: a1e56fd34408186e4bbccfd4996cb3dc -> 
  custom:container-muxer-webm: aa71ff27fc2769a1b78a27578f13a17b -> 
  custom:container-demuxer-webm: 4f35f7cbe854078d1ac9338744f61a02 -> 
  custom:video-encoder-webm-vp8: eb34c28f22e8b96e1ab97ce403110664 -> 
  custom:audio-encoder-webm-vorbis: bf7c407c2cedff20999df2af8eb42d56 -> 
  custom:framework-win-MediaFoundation: 216162199b28c13a410421893ffa2e32 -> 
  custom:SearchIndexIgnoredProperties: e643bd26f0fe6173181afceb89e7c659 -> 
  custom:container-demuxer-ogg: 62fdf1f143b41e24485cea50d1cbac27 -> 
  custom:video-decoder-webm-vp8: 9c59270c3fd7afecdb556c50c9e8de78 -> 
  custom:audio-decoder-ogg-vorbis: bf7c407c2cedff20999df2af8eb42d56 -> 
========================================================================
Received Import Request.
  Time since last request: 505.226651 seconds.
  path: Assets/Vendors/Vehicle_Essentials/Vehicle_Car/Vehicle_Car_Horns/Vehicle_Car_Horn_Exterior.wav
  artifactKey: Guid(0d34d6e748eb93042b0ff0bf1c6f120c) Importer(815301076,1909f56bfc062723c751e8b465ee728b)
Start importing Assets/Vendors/Vehicle_Essentials/Vehicle_Car/Vehicle_Car_Horns/Vehicle_Car_Horn_Exterior.wav using Guid(0d34d6e748eb93042b0ff0bf1c6f120c) Importer(815301076,1909f56bfc062723c751e8b465ee728b)  -> (artifact id: '0715a427250fdf3d4b99de7c56164778') in 0.078762 seconds 
========================================================================
Received Prepare
Registering precompiled user dll's ...
Registered in 0.009305 seconds.
Begin MonoManager ReloadAssembly
Symbol file LoadedFromMemory doesn't match image C:\Unity Project\Learn\Unity Essensials Audio\Unity Essentials Audio\Library\PackageCache\com.unity.visualscripting@1.7.8\Editor\VisualScripting.Core\Dependencies\YamlDotNet\Unity.VisualScripting.YamlDotNet.dll
Symbol file LoadedFromMemory doesn't match image C:\Unity Project\Learn\Unity Essensials Audio\Unity Essentials Audio\Library\PackageCache\com.unity.visualscripting@1.7.8\Editor\VisualScripting.Core\Dependencies\DotNetZip\Unity.VisualScripting.IonicZip.dll
Native extension for WindowsStandalone target not found
Native extension for Android target not found
Native extension for WebGL target not found
Refreshing native plugins compatible for Editor in 1.19 ms, found 3 plugins.
Preloading 0 native plugins for Editor in 0.00 ms.
Mono: successfully reloaded assembly
- Completed reload, in  1.257 seconds
Domain Reload Profiling:
	ReloadAssembly (1258ms)
		BeginReloadAssembly (217ms)
			ExecutionOrderSort (0ms)
			DisableScriptedObjects (5ms)
			BackupInstance (0ms)
			ReleaseScriptingObjects (0ms)
			CreateAndSetChildDomain (36ms)
		EndReloadAssembly (943ms)
			LoadAssemblies (313ms)
			RebuildTransferFunctionScriptingTraits (0ms)
			SetupTypeCache (236ms)
			ReleaseScriptCaches (2ms)
			RebuildScriptCaches (39ms)
			SetupLoadedEditorAssemblies (391ms)
				LogAssemblyErrors (0ms)
				InitializePlatformSupportModulesInManaged (22ms)
				SetLoadedEditorAssemblies (0ms)
				RefreshPlugins (1ms)
				BeforeProcessingInitializeOnLoad (81ms)
				ProcessInitializeOnLoadAttributes (201ms)
				ProcessInitializeOnLoadMethodAttributes (78ms)
				AfterProcessingInitializeOnLoad (7ms)
				EditorAssembliesLoaded (0ms)
			ExecutionOrderSort2 (0ms)
			AwakeInstancesAfterBackupRestoration (7ms)
Platform modules already initialized, skipping
Refreshing native plugins compatible for Editor in 2.90 ms, found 3 plugins.
Preloading 0 native plugins for Editor in 0.00 ms.
Unloading 4934 Unused Serialized files (Serialized files now loaded: 0)
Unloading 28 unused Assets / (392.1 KB). Loaded Objects now: 5539.
Memory consumption went from 194.4 MB to 194.0 MB.
Total: 3.841500 ms (FindLiveObjects: 0.363400 ms CreateObjectMapping: 0.302900 ms MarkObjects: 2.944400 ms  DeleteObjects: 0.230100 ms)

AssetImportParameters requested are different than current active one (requested -> active):
  custom:video-decoder-ogg-theora: a1e56fd34408186e4bbccfd4996cb3dc -> 
  custom:container-muxer-webm: aa71ff27fc2769a1b78a27578f13a17b -> 
  custom:container-demuxer-webm: 4f35f7cbe854078d1ac9338744f61a02 -> 
  custom:video-encoder-webm-vp8: eb34c28f22e8b96e1ab97ce403110664 -> 
  custom:audio-encoder-webm-vorbis: bf7c407c2cedff20999df2af8eb42d56 -> 
  custom:framework-win-MediaFoundation: 216162199b28c13a410421893ffa2e32 -> 
  custom:SearchIndexIgnoredProperties: e643bd26f0fe6173181afceb89e7c659 -> 
  custom:container-demuxer-ogg: 62fdf1f143b41e24485cea50d1cbac27 -> 
  custom:video-decoder-webm-vp8: 9c59270c3fd7afecdb556c50c9e8de78 -> 
  custom:audio-decoder-ogg-vorbis: bf7c407c2cedff20999df2af8eb42d56 -> 
========================================================================
Received Import Request.
  Time since last request: 90.104486 seconds.
  path: Assets/Vendors/Vehicle_Essentials/Vehicle_Car/Vehicle_Car_Horns/PlayerSettings.preset
  artifactKey: Guid(7c47821b22ef45243bc1cd47b2414e53) Importer(815301076,1909f56bfc062723c751e8b465ee728b)
Start importing Assets/Vendors/Vehicle_Essentials/Vehicle_Car/Vehicle_Car_Horns/PlayerSettings.preset using Guid(7c47821b22ef45243bc1cd47b2414e53) Importer(815301076,1909f56bfc062723c751e8b465ee728b)  -> (artifact id: '39b12781131a95f829d478a88a343331') in 0.094565 seconds 
========================================================================
Received Prepare
Refreshing native plugins compatible for Editor in 8.88 ms, found 3 plugins.
Preloading 0 native plugins for Editor in 0.00 ms.
Unloading 28 Unused Serialized files (Serialized files now loaded: 0)
Unloading 28 unused Assets / (397.4 KB). Loaded Objects now: 5539.
Memory consumption went from 96.1 MB to 95.8 MB.
Total: 4.178600 ms (FindLiveObjects: 0.361900 ms CreateObjectMapping: 0.280600 ms MarkObjects: 3.288200 ms  DeleteObjects: 0.247100 ms)

AssetImportParameters requested are different than current active one (requested -> active):
  custom:video-decoder-ogg-theora: a1e56fd34408186e4bbccfd4996cb3dc -> 
  custom:container-muxer-webm: aa71ff27fc2769a1b78a27578f13a17b -> 
  custom:container-demuxer-webm: 4f35f7cbe854078d1ac9338744f61a02 -> 
  custom:video-encoder-webm-vp8: eb34c28f22e8b96e1ab97ce403110664 -> 
  custom:audio-encoder-webm-vorbis: bf7c407c2cedff20999df2af8eb42d56 -> 
  custom:framework-win-MediaFoundation: 216162199b28c13a410421893ffa2e32 -> 
  custom:SearchIndexIgnoredProperties: e643bd26f0fe6173181afceb89e7c659 -> 
  custom:container-demuxer-ogg: 62fdf1f143b41e24485cea50d1cbac27 -> 
  custom:video-decoder-webm-vp8: 9c59270c3fd7afecdb556c50c9e8de78 -> 
  custom:audio-decoder-ogg-vorbis: bf7c407c2cedff20999df2af8eb42d56 -> 
========================================================================
Received Prepare
Registering precompiled user dll's ...
Registered in 0.006130 seconds.
Begin MonoManager ReloadAssembly
Symbol file LoadedFromMemory doesn't match image C:\Unity Project\Learn\Unity Essensials Audio\Unity Essentials Audio\Library\PackageCache\com.unity.visualscripting@1.7.8\Editor\VisualScripting.Core\Dependencies\YamlDotNet\Unity.VisualScripting.YamlDotNet.dll
Symbol file LoadedFromMemory doesn't match image C:\Unity Project\Learn\Unity Essensials Audio\Unity Essentials Audio\Library\PackageCache\com.unity.visualscripting@1.7.8\Editor\VisualScripting.Core\Dependencies\DotNetZip\Unity.VisualScripting.IonicZip.dll
Native extension for WindowsStandalone target not found
Native extension for Android target not found
Native extension for WebGL target not found
Refreshing native plugins compatible for Editor in 1.77 ms, found 3 plugins.
Preloading 0 native plugins for Editor in 0.00 ms.
Mono: successfully reloaded assembly
- Completed reload, in  1.943 seconds
Domain Reload Profiling:
	ReloadAssembly (1944ms)
		BeginReloadAssembly (457ms)
			ExecutionOrderSort (0ms)
			DisableScriptedObjects (19ms)
			BackupInstance (0ms)
			ReleaseScriptingObjects (0ms)
			CreateAndSetChildDomain (197ms)
		EndReloadAssembly (1352ms)
			LoadAssemblies (221ms)
			RebuildTransferFunctionScriptingTraits (0ms)
			SetupTypeCache (474ms)
			ReleaseScriptCaches (4ms)
			RebuildScriptCaches (87ms)
			SetupLoadedEditorAssemblies (597ms)
				LogAssemblyErrors (0ms)
				InitializePlatformSupportModulesInManaged (45ms)
				SetLoadedEditorAssemblies (2ms)
				RefreshPlugins (2ms)
				BeforeProcessingInitializeOnLoad (121ms)
				ProcessInitializeOnLoadAttributes (344ms)
				ProcessInitializeOnLoadMethodAttributes (76ms)
				AfterProcessingInitializeOnLoad (7ms)
				EditorAssembliesLoaded (0ms)
			ExecutionOrderSort2 (0ms)
			AwakeInstancesAfterBackupRestoration (7ms)
Platform modules already initialized, skipping
Refreshing native plugins compatible for Editor in 2.42 ms, found 3 plugins.
Preloading 0 native plugins for Editor in 0.00 ms.
Unloading 4934 Unused Serialized files (Serialized files now loaded: 0)
Unloading 28 unused Assets / (399.5 KB). Loaded Objects now: 5542.
Memory consumption went from 194.4 MB to 194.0 MB.
Total: 3.734000 ms (FindLiveObjects: 0.374800 ms CreateObjectMapping: 0.336900 ms MarkObjects: 2.650700 ms  DeleteObjects: 0.370600 ms)

AssetImportParameters requested are different than current active one (requested -> active):
  custom:video-decoder-ogg-theora: a1e56fd34408186e4bbccfd4996cb3dc -> 
  custom:container-muxer-webm: aa71ff27fc2769a1b78a27578f13a17b -> 
  custom:container-demuxer-webm: 4f35f7cbe854078d1ac9338744f61a02 -> 
  custom:video-encoder-webm-vp8: eb34c28f22e8b96e1ab97ce403110664 -> 
  custom:audio-encoder-webm-vorbis: bf7c407c2cedff20999df2af8eb42d56 -> 
  custom:framework-win-MediaFoundation: 216162199b28c13a410421893ffa2e32 -> 
  custom:SearchIndexIgnoredProperties: e643bd26f0fe6173181afceb89e7c659 -> 
  custom:container-demuxer-ogg: 62fdf1f143b41e24485cea50d1cbac27 -> 
  custom:video-decoder-webm-vp8: 9c59270c3fd7afecdb556c50c9e8de78 -> 
  custom:audio-decoder-ogg-vorbis: bf7c407c2cedff20999df2af8eb42d56 -> 
========================================================================
Received Prepare
Registering precompiled user dll's ...
Registered in 0.006878 seconds.
Begin MonoManager ReloadAssembly
Symbol file LoadedFromMemory doesn't match image C:\Unity Project\Learn\Unity Essensials Audio\Unity Essentials Audio\Library\PackageCache\com.unity.visualscripting@1.7.8\Editor\VisualScripting.Core\Dependencies\YamlDotNet\Unity.VisualScripting.YamlDotNet.dll
Symbol file LoadedFromMemory doesn't match image C:\Unity Project\Learn\Unity Essensials Audio\Unity Essentials Audio\Library\PackageCache\com.unity.visualscripting@1.7.8\Editor\VisualScripting.Core\Dependencies\DotNetZip\Unity.VisualScripting.IonicZip.dll
Native extension for WindowsStandalone target not found
Native extension for Android target not found
Native extension for WebGL target not found
Refreshing native plugins compatible for Editor in 3.31 ms, found 3 plugins.
Preloading 0 native plugins for Editor in 0.00 ms.
Mono: successfully reloaded assembly
- Completed reload, in  1.485 seconds
Domain Reload Profiling:
	ReloadAssembly (1486ms)
		BeginReloadAssembly (128ms)
			ExecutionOrderSort (0ms)
			DisableScriptedObjects (5ms)
			BackupInstance (0ms)
			ReleaseScriptingObjects (0ms)
			CreateAndSetChildDomain (38ms)
		EndReloadAssembly (1262ms)
			LoadAssemblies (87ms)
			RebuildTransferFunctionScriptingTraits (0ms)
			SetupTypeCache (293ms)
			ReleaseScriptCaches (3ms)
			RebuildScriptCaches (63ms)
			SetupLoadedEditorAssemblies (724ms)
				LogAssemblyErrors (0ms)
				InitializePlatformSupportModulesInManaged (38ms)
				SetLoadedEditorAssemblies (1ms)
				RefreshPlugins (3ms)
				BeforeProcessingInitializeOnLoad (138ms)
				ProcessInitializeOnLoadAttributes (379ms)
				ProcessInitializeOnLoadMethodAttributes (153ms)
				AfterProcessingInitializeOnLoad (11ms)
				EditorAssembliesLoaded (0ms)
			ExecutionOrderSort2 (0ms)
			AwakeInstancesAfterBackupRestoration (13ms)
Platform modules already initialized, skipping
Refreshing native plugins compatible for Editor in 4.68 ms, found 3 plugins.
Preloading 0 native plugins for Editor in 0.00 ms.
Unloading 4934 Unused Serialized files (Serialized files now loaded: 0)
Unloading 28 unused Assets / (399.6 KB). Loaded Objects now: 5545.
Memory consumption went from 194.4 MB to 194.0 MB.
Total: 5.489000 ms (FindLiveObjects: 1.106700 ms CreateObjectMapping: 0.526800 ms MarkObjects: 3.581100 ms  DeleteObjects: 0.273000 ms)

AssetImportParameters requested are different than current active one (requested -> active):
  custom:video-decoder-ogg-theora: a1e56fd34408186e4bbccfd4996cb3dc -> 
  custom:container-muxer-webm: aa71ff27fc2769a1b78a27578f13a17b -> 
  custom:container-demuxer-webm: 4f35f7cbe854078d1ac9338744f61a02 -> 
  custom:video-encoder-webm-vp8: eb34c28f22e8b96e1ab97ce403110664 -> 
  custom:audio-encoder-webm-vorbis: bf7c407c2cedff20999df2af8eb42d56 -> 
  custom:framework-win-MediaFoundation: 216162199b28c13a410421893ffa2e32 -> 
  custom:SearchIndexIgnoredProperties: e643bd26f0fe6173181afceb89e7c659 -> 
  custom:container-demuxer-ogg: 62fdf1f143b41e24485cea50d1cbac27 -> 
  custom:video-decoder-webm-vp8: 9c59270c3fd7afecdb556c50c9e8de78 -> 
  custom:audio-decoder-ogg-vorbis: bf7c407c2cedff20999df2af8eb42d56 -> 
